tryApp2ForShop/build/intermediates/manifest_merge_blame_file/release/manifest-merger-blame-release-report.txt
1<?xml version="1.0" encoding="utf-8"?>
2<manifest xmlns:android="http://schemas.android.com/apk/res/android"
3    package="com.shiyou.tryapp2.shop.zsa"
4    android:versionCode="169"
5    android:versionName="1.6.9" >
6
7    <uses-sdk
8        android:minSdkVersion="19"
8-->src\main\AndroidManifest.xml
9        android:targetSdkVersion="22" />
9-->src\main\AndroidManifest.xml
10
11    <supports-screens
11-->src\main\AndroidManifest.xml:7:5-12:40
12        android:anyDensity="true"
12-->src\main\AndroidManifest.xml:8:9-34
13        android:largeScreens="true"
13-->src\main\AndroidManifest.xml:9:9-36
14        android:normalScreens="true"
14-->src\main\AndroidManifest.xml:10:9-37
15        android:smallScreens="true"
15-->src\main\AndroidManifest.xml:11:9-36
16        android:xlargeScreens="true" />
16-->src\main\AndroidManifest.xml:12:9-37
17
18    <uses-permission android:name="android.permission.INTERNET" />
18-->src\main\AndroidManifest.xml:14:5-67
18-->src\main\AndroidManifest.xml:14:22-64
19    <uses-permission android:name="android.permission.CAMERA" />
19-->src\main\AndroidManifest.xml:15:5-65
19-->src\main\AndroidManifest.xml:15:22-62
20    <uses-permission android:name="android.permission.CALL_PHONE" />
20-->src\main\AndroidManifest.xml:16:5-69
20-->src\main\AndroidManifest.xml:16:22-66
21    <uses-permission android:name="android.permission.FLASHLIGHT" />
21-->src\main\AndroidManifest.xml:17:5-69
21-->src\main\AndroidManifest.xml:17:22-66
22    <uses-permission android:name="android.permission.ACCESS_NETWORK_STATE" />
22-->src\main\AndroidManifest.xml:18:5-79
22-->src\main\AndroidManifest.xml:18:22-76
23    <uses-permission android:name="android.permission.CHANGE_NETWORK_STATE" />
23-->src\main\AndroidManifest.xml:19:5-79
23-->src\main\AndroidManifest.xml:19:22-76
24    <uses-permission android:name="android.permission.WRITE_EXTERNAL_STORAGE" />
24-->src\main\AndroidManifest.xml:20:5-81
24-->src\main\AndroidManifest.xml:20:22-78
25    <uses-permission android:name="android.permission.READ_EXTERNAL_STORAGE" />
25-->src\main\AndroidManifest.xml:21:5-80
25-->src\main\AndroidManifest.xml:21:22-77
26    <uses-permission android:name="android.permission.SYSTEM_ALERT_WINDOW" />
26-->src\main\AndroidManifest.xml:22:5-78
26-->src\main\AndroidManifest.xml:22:22-75
27    <uses-permission android:name="android.permission.WAKE_LOCK" />
27-->src\main\AndroidManifest.xml:23:5-68
27-->src\main\AndroidManifest.xml:23:22-65
28    <uses-permission android:name="android.permission.ACCESS_WIFI_STATE" />
28-->src\main\AndroidManifest.xml:24:5-76
28-->src\main\AndroidManifest.xml:24:22-73
29    <uses-permission android:name="android.permission.CHANGE_WIFI_STATE" />
29-->src\main\AndroidManifest.xml:25:5-76
29-->src\main\AndroidManifest.xml:25:22-73
30    <uses-permission android:name="android.permission.READ_PHONE_STATE" />
30-->src\main\AndroidManifest.xml:26:5-75
30-->src\main\AndroidManifest.xml:26:22-72
31    <uses-permission android:name="android.permission.MANAGE_ACCOUNTS" />
31-->src\main\AndroidManifest.xml:27:5-74
31-->src\main\AndroidManifest.xml:27:22-71
32    <uses-permission android:name="android.permission.GET_ACCOUNTS" />
32-->src\main\AndroidManifest.xml:28:5-71
32-->src\main\AndroidManifest.xml:28:22-68
33    <uses-permission android:name="android.permission.VIBRATE" />
33-->src\main\AndroidManifest.xml:29:5-66
33-->src\main\AndroidManifest.xml:29:22-63
34    <uses-permission android:name="android.permission.RECEIVE_USER_PRESENT" />
34-->src\main\AndroidManifest.xml:30:5-79
34-->src\main\AndroidManifest.xml:30:22-76
35    <uses-permission android:name="android.permission.WRITE_SETTINGS" />
35-->src\main\AndroidManifest.xml:31:5-73
35-->src\main\AndroidManifest.xml:31:22-70
36    <uses-permission android:name="android.permission.ACCESS_COARSE_LOCATION" />
36-->src\main\AndroidManifest.xml:32:5-81
36-->src\main\AndroidManifest.xml:32:22-78
37    <uses-permission android:name="android.permission.ACCESS_FINE_LOCATION" />
37-->src\main\AndroidManifest.xml:33:5-79
37-->src\main\AndroidManifest.xml:33:22-76
38    <uses-permission android:name="android.permission.ACCESS_LOCATION_EXTRA_COMMANDS" />
38-->src\main\AndroidManifest.xml:34:5-89
38-->src\main\AndroidManifest.xml:34:22-86
39
40    <!-- JPush SDK Required -->
41    <uses-permission android:name="com.shiyou.tryapp2.shop.zsa.permission.JPUSH_MESSAGE" />
41-->src\main\AndroidManifest.xml:37:5-92
41-->src\main\AndroidManifest.xml:37:22-89
42    <!-- JPush SDK Required -->
43    <permission
43-->src\main\AndroidManifest.xml:39:5-41:47
44        android:name="com.shiyou.tryapp2.shop.zsa.permission.JPUSH_MESSAGE"
44-->src\main\AndroidManifest.xml:40:9-76
45        android:protectionLevel="signature" />
45-->src\main\AndroidManifest.xml:41:9-44
46
47    <uses-feature
47-->src\main\AndroidManifest.xml:43:5-45:36
48        android:name="android.hardware.camera"
48-->src\main\AndroidManifest.xml:44:9-47
49        android:required="false" />
49-->src\main\AndroidManifest.xml:45:9-33
50    <uses-feature
50-->src\main\AndroidManifest.xml:46:5-48:36
51        android:name="android.hardware.camera.autofocus"
51-->src\main\AndroidManifest.xml:47:9-57
52        android:required="false" />
52-->src\main\AndroidManifest.xml:48:9-33
53    <uses-feature android:glEsVersion="0x00020000" />
53-->src\main\AndroidManifest.xml:49:5-54
53-->src\main\AndroidManifest.xml:49:19-51
54    <uses-feature android:name="android.hardware.touchscreen" />
54-->src\main\AndroidManifest.xml:50:5-65
54-->src\main\AndroidManifest.xml:50:19-62
55    <uses-feature
55-->src\main\AndroidManifest.xml:51:5-53:36
56        android:name="android.hardware.touchscreen.multitouch"
56-->src\main\AndroidManifest.xml:52:9-63
57        android:required="false" />
57-->src\main\AndroidManifest.xml:53:9-33
58    <uses-feature
58-->src\main\AndroidManifest.xml:54:5-56:36
59        android:name="android.hardware.touchscreen.multitouch.distinct"
59-->src\main\AndroidManifest.xml:55:9-72
60        android:required="false" />
60-->src\main\AndroidManifest.xml:56:9-33
61
62    <application
62-->src\main\AndroidManifest.xml:58:5-254:19
63        android:allowBackup="true"
63-->src\main\AndroidManifest.xml:59:9-35
64        android:icon="@drawable/ic_launcher"
64-->src\main\AndroidManifest.xml:60:9-45
65        android:label="@string/app_name"
65-->src\main\AndroidManifest.xml:61:9-41
66        android:theme="@style/AppTheme" >
66-->src\main\AndroidManifest.xml:62:9-40
67        <activity
67-->src\main\AndroidManifest.xml:63:9-81:20
68            android:name="com.shiyou.tryapp2.app.MainActivity"
68-->src\main\AndroidManifest.xml:64:13-63
69            android:configChanges="orientation|keyboardHidden"
69-->src\main\AndroidManifest.xml:65:13-63
70            android:launchMode="standard"
70-->src\main\AndroidManifest.xml:66:13-42
71            android:screenOrientation="sensorLandscape"
71-->src\main\AndroidManifest.xml:67:13-56
72            android:windowSoftInputMode="adjustPan" >
72-->src\main\AndroidManifest.xml:68:13-52
73            <intent-filter>
73-->src\main\AndroidManifest.xml:69:13-73:29
74                <action android:name="android.intent.action.MAIN" />
74-->src\main\AndroidManifest.xml:70:17-69
74-->src\main\AndroidManifest.xml:70:25-66
75
76                <category android:name="android.intent.category.LAUNCHER" />
76-->src\main\AndroidManifest.xml:72:17-77
76-->src\main\AndroidManifest.xml:72:27-74
77            </intent-filter>
78
79            <meta-data
79-->src\main\AndroidManifest.xml:75:13-77:40
80                android:name="unityplayer.UnityActivity"
80-->src\main\AndroidManifest.xml:76:17-57
81                android:value="true" />
81-->src\main\AndroidManifest.xml:77:17-37
82            <meta-data
82-->src\main\AndroidManifest.xml:78:13-80:41
83                android:name="unityplayer.ForwardNativeEventsToDalvik"
83-->src\main\AndroidManifest.xml:79:17-71
84                android:value="false" />
84-->src\main\AndroidManifest.xml:80:17-38
85        </activity>
86        <activity
86-->src\main\AndroidManifest.xml:82:9-98:20
87            android:name="com.shiyou.tryapp2.app.ReceiveEventActivity"
87-->src\main\AndroidManifest.xml:83:13-71
88            android:configChanges="orientation|keyboardHidden"
88-->src\main\AndroidManifest.xml:84:13-63
89            android:launchMode="standard"
89-->src\main\AndroidManifest.xml:85:13-42
90            android:screenOrientation="sensorLandscape"
90-->src\main\AndroidManifest.xml:86:13-56
91            android:theme="@style/TransparentTheme" >
91-->src\main\AndroidManifest.xml:87:13-52
92            <intent-filter>
92-->src\main\AndroidManifest.xml:88:13-97:29
93                <action android:name="android.intent.action.VIEW" />
93-->src\main\AndroidManifest.xml:89:17-69
93-->src\main\AndroidManifest.xml:89:25-66
94
95                <category android:name="android.intent.category.DEFAULT" />
95-->src\main\AndroidManifest.xml:91:17-76
95-->src\main\AndroidManifest.xml:91:27-73
96                <category android:name="android.intent.category.BROWSABLE" />
96-->src\main\AndroidManifest.xml:92:17-78
96-->src\main\AndroidManifest.xml:92:27-75
97
98                <data
98-->src\main\AndroidManifest.xml:94:17-96:48
99                    android:host="com.shiyou.fitsapp"
99-->src\main\AndroidManifest.xml:95:21-54
100                    android:scheme="fitsapp" />
100-->src\main\AndroidManifest.xml:96:21-45
101            </intent-filter>
102        </activity>
103        <activity
103-->src\main\AndroidManifest.xml:99:9-105:20
104            android:name="com.shiyou.tryapp2.app.FragmentActivity"
104-->src\main\AndroidManifest.xml:100:13-67
105            android:configChanges="orientation|keyboardHidden"
105-->src\main\AndroidManifest.xml:101:13-63
106            android:launchMode="standard"
106-->src\main\AndroidManifest.xml:102:13-42
107            android:screenOrientation="sensorLandscape"
107-->src\main\AndroidManifest.xml:103:13-56
108            android:windowSoftInputMode="adjustPan" >
108-->src\main\AndroidManifest.xml:104:13-52
109        </activity>
110        <activity
110-->src\main\AndroidManifest.xml:106:9-112:20
111            android:name="com.shiyou.tryapp2.app.WebViewActivity"
111-->src\main\AndroidManifest.xml:107:13-66
112            android:configChanges="orientation|keyboardHidden"
112-->src\main\AndroidManifest.xml:108:13-63
113            android:launchMode="standard"
113-->src\main\AndroidManifest.xml:109:13-42
114            android:screenOrientation="sensorLandscape"
114-->src\main\AndroidManifest.xml:110:13-56
115            android:windowSoftInputMode="adjustPan" >
115-->src\main\AndroidManifest.xml:111:13-52
116        </activity>
117        <activity
117-->src\main\AndroidManifest.xml:113:9-119:20
118            android:name="com.shiyou.tryapp2.app.camera.CameraActivity"
118-->src\main\AndroidManifest.xml:114:13-72
119            android:configChanges="orientation|keyboardHidden"
119-->src\main\AndroidManifest.xml:115:13-63
120            android:launchMode="standard"
120-->src\main\AndroidManifest.xml:116:13-42
121            android:screenOrientation="sensorLandscape"
121-->src\main\AndroidManifest.xml:117:13-56
122            android:windowSoftInputMode="adjustPan" >
122-->src\main\AndroidManifest.xml:118:13-52
123        </activity>
124        <activity
124-->src\main\AndroidManifest.xml:120:9-126:20
125            android:name="com.shiyou.tryapp2.app.photo.PhotoAlbumActivity"
125-->src\main\AndroidManifest.xml:121:13-75
126            android:configChanges="orientation|keyboardHidden"
126-->src\main\AndroidManifest.xml:122:13-63
127            android:launchMode="standard"
127-->src\main\AndroidManifest.xml:123:13-42
128            android:screenOrientation="sensorLandscape"
128-->src\main\AndroidManifest.xml:124:13-56
129            android:windowSoftInputMode="adjustPan" >
129-->src\main\AndroidManifest.xml:125:13-52
130        </activity>
131        <activity
131-->src\main\AndroidManifest.xml:127:9-133:20
132            android:name="com.shiyou.tryapp2.app.photo.PhotoListActivity"
132-->src\main\AndroidManifest.xml:128:13-74
133            android:configChanges="orientation|keyboardHidden"
133-->src\main\AndroidManifest.xml:129:13-63
134            android:launchMode="standard"
134-->src\main\AndroidManifest.xml:130:13-42
135            android:screenOrientation="sensorLandscape"
135-->src\main\AndroidManifest.xml:131:13-56
136            android:windowSoftInputMode="adjustPan" >
136-->src\main\AndroidManifest.xml:132:13-52
137        </activity>
138        <activity
138-->src\main\AndroidManifest.xml:134:9-140:20
139            android:name="com.shiyou.tryapp2.app.login.LoginActivity"
139-->src\main\AndroidManifest.xml:135:13-70
140            android:configChanges="orientation|keyboardHidden"
140-->src\main\AndroidManifest.xml:136:13-63
141            android:launchMode="standard"
141-->src\main\AndroidManifest.xml:137:13-42
142            android:screenOrientation="sensorLandscape"
142-->src\main\AndroidManifest.xml:138:13-56
143            android:windowSoftInputMode="adjustPan" >
143-->src\main\AndroidManifest.xml:139:13-52
144        </activity>
145
146        <!-- 浠ヤ笅鏄疛Push SDK鍐呭 -->
147        <!-- Rich push 鏍稿績鍔熻兘 since 2.0.6 -->
148        <activity
148-->src\main\AndroidManifest.xml:144:9-148:20
149            android:name="cn.jpush.android.ui.PopWinActivity"
149-->src\main\AndroidManifest.xml:145:13-62
150            android:exported="false"
150-->src\main\AndroidManifest.xml:146:13-37
151            android:theme="@style/MyDialogStyle" >
151-->src\main\AndroidManifest.xml:147:13-49
152        </activity>
153
154        <!-- Required SDK鏍稿績鍔熻兘 -->
155        <activity
155-->src\main\AndroidManifest.xml:151:9-162:20
156            android:name="cn.jpush.android.ui.PushActivity"
156-->src\main\AndroidManifest.xml:152:13-60
157            android:configChanges="orientation|keyboardHidden"
157-->src\main\AndroidManifest.xml:153:13-63
158            android:exported="false"
158-->src\main\AndroidManifest.xml:154:13-37
159            android:theme="@android:style/Theme.NoTitleBar" >
159-->src\main\AndroidManifest.xml:155:13-60
160            <intent-filter>
160-->src\main\AndroidManifest.xml:156:13-161:29
161                <action android:name="cn.jpush.android.ui.PushActivity" />
161-->src\main\AndroidManifest.xml:157:17-75
161-->src\main\AndroidManifest.xml:157:25-72
162
163                <category android:name="android.intent.category.DEFAULT" />
163-->src\main\AndroidManifest.xml:91:17-76
163-->src\main\AndroidManifest.xml:91:27-73
164                <category android:name="com.shiyou.tryapp2.shop.zsa" />
164-->src\main\AndroidManifest.xml:160:17-72
164-->src\main\AndroidManifest.xml:160:27-69
165            </intent-filter>
166        </activity>
167        <!-- Required  SDK鏍稿績鍔熻兘 -->
168        <service
168-->src\main\AndroidManifest.xml:164:9-168:19
169            android:name="cn.jpush.android.service.DownloadService"
169-->src\main\AndroidManifest.xml:165:13-68
170            android:enabled="true"
170-->src\main\AndroidManifest.xml:166:13-35
171            android:exported="false" >
171-->src\main\AndroidManifest.xml:167:13-37
172        </service>
173
174        <!-- Required SDK 鏍稿績鍔熻兘 -->
175        <!-- 鍙厤缃產ndroid:process鍙傛暟灏哖ushService鏀惧湪鍏朵粬杩涚▼涓� -->
176        <service
176-->src\main\AndroidManifest.xml:172:9-181:19
177            android:name="cn.jpush.android.service.PushService"
177-->src\main\AndroidManifest.xml:173:13-64
178            android:process=":mult" >
178-->src\main\AndroidManifest.xml:174:13-36
179            <intent-filter>
179-->src\main\AndroidManifest.xml:175:13-180:29
180                <action android:name="cn.jpush.android.intent.REGISTER" />
180-->src\main\AndroidManifest.xml:176:17-75
180-->src\main\AndroidManifest.xml:176:25-72
181                <action android:name="cn.jpush.android.intent.REPORT" />
181-->src\main\AndroidManifest.xml:177:17-73
181-->src\main\AndroidManifest.xml:177:25-70
182                <action android:name="cn.jpush.android.intent.PushService" />
182-->src\main\AndroidManifest.xml:178:17-78
182-->src\main\AndroidManifest.xml:178:25-75
183                <action android:name="cn.jpush.android.intent.PUSH_TIME" />
183-->src\main\AndroidManifest.xml:179:17-76
183-->src\main\AndroidManifest.xml:179:25-73
184            </intent-filter>
185        </service>
186
187        <!-- since 1.8.0 option 鍙�夐」銆傜敤浜庡悓涓�璁惧涓笉鍚屽簲鐢ㄧ殑JPush鏈嶅姟鐩镐簰鎷夎捣鐨勫姛鑳姐�� -->
188        <!-- 鑻ヤ笉鍚敤璇ュ姛鑳藉彲鍒犻櫎璇ョ粍浠讹紝灏嗕笉鎷夎捣鍏朵粬搴旂敤涔熶笉鑳借鍏朵粬搴旂敤鎷夎捣 -->
189        <service
189-->src\main\AndroidManifest.xml:185:9-194:19
190            android:name="cn.jpush.android.service.DaemonService"
190-->src\main\AndroidManifest.xml:186:13-66
191            android:enabled="true"
191-->src\main\AndroidManifest.xml:187:13-35
192            android:exported="true" >
192-->src\main\AndroidManifest.xml:188:13-36
193            <intent-filter>
193-->src\main\AndroidManifest.xml:189:13-193:29
194                <action android:name="cn.jpush.android.intent.DaemonService" />
194-->src\main\AndroidManifest.xml:190:17-80
194-->src\main\AndroidManifest.xml:190:25-77
195
196                <category android:name="com.shiyou.tryapp2.shop.zsa" />
196-->src\main\AndroidManifest.xml:160:17-72
196-->src\main\AndroidManifest.xml:160:27-69
197            </intent-filter>
198        </service>
199
200        <!-- Required SDK鏍稿績鍔熻兘 -->
201        <receiver
201-->src\main\AndroidManifest.xml:197:9-218:20
202            android:name="cn.jpush.android.service.PushReceiver"
202-->src\main\AndroidManifest.xml:198:13-65
203            android:enabled="true" >
203-->src\main\AndroidManifest.xml:199:13-35
204            <intent-filter android:priority="1000" >
204-->src\main\AndroidManifest.xml:200:13-206:29
204-->src\main\AndroidManifest.xml:200:28-51
205
206                <!-- Required  鏄剧ず閫氱煡鏍� -->
207                <action android:name="cn.jpush.android.intent.NOTIFICATION_RECEIVED_PROXY" />
207-->src\main\AndroidManifest.xml:203:17-94
207-->src\main\AndroidManifest.xml:203:25-91
208
209                <category android:name="com.shiyou.tryapp2.shop.zsa" />
209-->src\main\AndroidManifest.xml:160:17-72
209-->src\main\AndroidManifest.xml:160:27-69
210            </intent-filter>
211            <intent-filter>
211-->src\main\AndroidManifest.xml:207:13-210:29
212                <action android:name="android.intent.action.USER_PRESENT" />
212-->src\main\AndroidManifest.xml:208:17-77
212-->src\main\AndroidManifest.xml:208:25-74
213                <action android:name="android.net.conn.CONNECTIVITY_CHANGE" />
213-->src\main\AndroidManifest.xml:209:17-79
213-->src\main\AndroidManifest.xml:209:25-76
214            </intent-filter>
215            <!-- Optional -->
216            <intent-filter>
216-->src\main\AndroidManifest.xml:212:13-217:29
217                <action android:name="android.intent.action.PACKAGE_ADDED" />
217-->src\main\AndroidManifest.xml:213:17-78
217-->src\main\AndroidManifest.xml:213:25-75
218                <action android:name="android.intent.action.PACKAGE_REMOVED" />
218-->src\main\AndroidManifest.xml:214:17-80
218-->src\main\AndroidManifest.xml:214:25-77
219
220                <data android:scheme="package" />
220-->src\main\AndroidManifest.xml:94:17-96:48
220-->src\main\AndroidManifest.xml:96:21-45
221            </intent-filter>
222        </receiver>
223
224        <!-- Required SDK鏍稿績鍔熻兘 -->
225        <receiver
225-->src\main\AndroidManifest.xml:221:9-223:40
226            android:name="cn.jpush.android.service.AlarmReceiver"
226-->src\main\AndroidManifest.xml:222:13-66
227            android:exported="false" />
227-->src\main\AndroidManifest.xml:223:13-37
228
229        <!-- User defined.  For test only  鐢ㄦ埛鑷畾涔夌殑骞挎挱鎺ユ敹鍣� -->
230        <receiver
230-->src\main\AndroidManifest.xml:226:9-245:20
231            android:name="com.example.jpushdemo.MyReceiver"
231-->src\main\AndroidManifest.xml:227:13-60
232            android:enabled="true"
232-->src\main\AndroidManifest.xml:228:13-35
233            android:exported="false" >
233-->src\main\AndroidManifest.xml:229:13-37
234            <intent-filter>
234-->src\main\AndroidManifest.xml:230:13-244:29
235
236                <!-- Required  鐢ㄦ埛娉ㄥ唽SDK鐨刬ntent -->
237                <action android:name="cn.jpush.android.intent.REGISTRATION" />
237-->src\main\AndroidManifest.xml:233:17-79
237-->src\main\AndroidManifest.xml:233:25-76
238                <!-- Required  鐢ㄦ埛鎺ユ敹SDK娑堟伅鐨刬ntent -->
239                <action android:name="cn.jpush.android.intent.MESSAGE_RECEIVED" />
239-->src\main\AndroidManifest.xml:235:17-83
239-->src\main\AndroidManifest.xml:235:25-80
240                <!-- Required  鐢ㄦ埛鎺ユ敹SDK閫氱煡鏍忎俊鎭殑intent -->
241                <action android:name="cn.jpush.android.intent.NOTIFICATION_RECEIVED" />
241-->src\main\AndroidManifest.xml:237:17-88
241-->src\main\AndroidManifest.xml:237:25-85
242                <!-- Required  鐢ㄦ埛鎵撳紑鑷畾涔夐�氱煡鏍忕殑intent -->
243                <action android:name="cn.jpush.android.intent.NOTIFICATION_OPENED" />
243-->src\main\AndroidManifest.xml:239:17-86
243-->src\main\AndroidManifest.xml:239:25-83
244                <!-- 鎺ユ敹缃戠粶鍙樺寲 杩炴帴/鏂紑 since 1.6.3 -->
245                <action android:name="cn.jpush.android.intent.CONNECTION" />
245-->src\main\AndroidManifest.xml:241:17-77
245-->src\main\AndroidManifest.xml:241:25-74
246
247                <category android:name="com.shiyou.tryapp2.shop.zsa" />
247-->src\main\AndroidManifest.xml:160:17-72
247-->src\main\AndroidManifest.xml:160:27-69
248            </intent-filter>
249        </receiver>
250        <!-- Required  . Enable it you can get statistics data with channel -->
251        <meta-data
251-->src\main\AndroidManifest.xml:247:9-249:46
252            android:name="JPUSH_CHANNEL"
252-->src\main\AndroidManifest.xml:248:13-41
253            android:value="shiyou-android" />
253-->src\main\AndroidManifest.xml:249:13-43
254        <!-- </>鍊兼潵鑷紑鍙戣�呭钩鍙板彇寰楃殑AppKey -->
255        <meta-data
255-->src\main\AndroidManifest.xml:251:9-253:56
256            android:name="JPUSH_APPKEY"
256-->src\main\AndroidManifest.xml:252:13-40
257            android:value="150ab1f2d9d55051bb5c58d4" />
257-->src\main\AndroidManifest.xml:253:13-53
258    </application>
259
260</manifest>